#
# There is insufficient memory for the Java Runtime Environment to continue.
# Native memory allocation (mmap) failed to map 268435456 bytes for G1 virtual space
# Possible reasons:
#   The system is out of physical RAM or swap space
#   The process is running with CompressedOops enabled, and the Java Heap may be blocking the growth of the native heap
# Possible solutions:
#   Reduce memory load on the system
#   Increase physical memory or swap space
#   Check if swap backing store is full
#   Decrease Java heap size (-Xmx/-Xms)
#   Decrease number of Java threads
#   Decrease Java thread stack sizes (-Xss)
#   Set larger code cache with -XX:ReservedCodeCacheSize=
#   JVM is running with Zero Based Compressed Oops mode in which the Java heap is
#     placed in the first 32GB address space. The Java Heap base address is the
#     maximum limit for the native heap growth. Please use -XX:HeapBaseMinAddress
#     to set the Java Heap base and to place the Java Heap above 32GB virtual address.
# This output file may be truncated or incomplete.
#
#  Out of Memory Error (./open/src/hotspot/os/windows/os_windows.cpp:3472), pid=12068, tid=1944
#
# JRE version:  (15.0.1+9) (build )
# Java VM: Java HotSpot(TM) 64-Bit Server VM (15.0.1+9-18, mixed mode, sharing, tiered, compressed oops, g1 gc, windows-amd64)
# No core dump will be written. Minidumps are not enabled by default on client versions of Windows
#

---------------  S U M M A R Y ------------

Command Line: -XX:TieredStopAtLevel=1 com.ironhack.interactivegraphtheory.nodesservice.NodesServiceApplication

Host: Intel(R) Core(TM) i5-7400 CPU @ 3.00GHz, 4 cores, 15G,  Windows 10 , 64 bit Build 19041 (10.0.19041.804)
Time: Tue Mar  9 22:46:07 2021 Hora estándar romance elapsed time: 0.011680 seconds (0d 0h 0m 0s)

---------------  T H R E A D  ---------------

Current thread (0x0000025efb5f4520):  JavaThread "Unknown thread" [_thread_in_vm, id=1944, stack(0x000000a1bd100000,0x000000a1bd200000)]

Stack: [0x000000a1bd100000,0x000000a1bd200000]
Native frames: (J=compiled Java code, j=interpreted, Vv=VM code, C=native code)
V  [jvm.dll+0x62ae9a]
V  [jvm.dll+0x781389]
V  [jvm.dll+0x782ae3]
V  [jvm.dll+0x783143]
V  [jvm.dll+0x216265]
V  [jvm.dll+0x6281d9]
V  [jvm.dll+0x61cd15]
V  [jvm.dll+0x2d01fd]
V  [jvm.dll+0x2d0062]
V  [jvm.dll+0x2d603c]
V  [jvm.dll+0x325b2a]
V  [jvm.dll+0x3251f4]
V  [jvm.dll+0x2a717a]
V  [jvm.dll+0x2a8318]
V  [jvm.dll+0x75e101]
V  [jvm.dll+0x3343e4]
V  [jvm.dll+0x73e826]
V  [jvm.dll+0x3b7777]
V  [jvm.dll+0x3b9201]
C  [jli.dll+0x52fb]
C  [ucrtbase.dll+0x21bb2]
C  [KERNEL32.DLL+0x17034]
C  [ntdll.dll+0x4d241]


---------------  P R O C E S S  ---------------

Threads class SMR info:
_java_thread_list=0x00007ffdc5f34ff0, length=0, elements={
}

Java Threads: ( => current thread )

Other Threads:
  0x0000025efb6434d0 GCTaskThread "GC Thread#0" [stack: 0x000000a1bd200000,0x000000a1bd300000] [id=15944]
  0x0000025efb655580 ConcurrentGCThread "G1 Main Marker" [stack: 0x000000a1bd300000,0x000000a1bd400000] [id=8644]
  0x0000025efb656910 ConcurrentGCThread "G1 Conc#0" [stack: 0x000000a1bd400000,0x000000a1bd500000] [id=6896]

[error occurred during error reporting (printing all threads), id 0xc0000005, EXCEPTION_ACCESS_VIOLATION (0xc0000005) at pc=0x00007ffdc5728047]

VM state: not at safepoint (not fully initialized)

VM Mutex/Monitor currently owned by a thread:  ([mutex/lock_event])
[0x0000025efb5eecc0] Heap_lock - owner thread: 0x0000025efb5f4520

Heap address: 0x0000000700a00000, size: 4086 MB, Compressed Oops mode: Zero based, Oop shift amount: 3
CDS archive(s) mapped at: [0x0000000000000000-0x0000000000000000-0x0000000000000000), size 0, SharedBaseAddress: 0x0000000800000000, ArchiveRelocationMode: 0.
Narrow klass base: 0x0000000000000000, Narrow klass shift: 0, Narrow klass range: 0x0

Heap:
 garbage-first heap   total 262144K, used 0K [0x0000000700a00000, 0x0000000800000000)
  region size 2048K, 0 young (0K), 0 survivors (0K)
 Metaspace       used 0K, capacity 0K, committed 0K, reserved 0K
  class space    used 0K, capacity 0K, committed 0K, reserved 0K

Heap Regions: E=young(eden), S=young(survivor), O=old, HS=humongous(starts), HC=humongous(continues), CS=collection set, F=free, OA=open archive, CA=closed archive, TAMS=top-at-mark-start (previous, next)

Card table byte_map: [0x0000025e97fd0000,0x0000025e987d0000] _byte_map_base: 0x0000025e947cb000

Marking Bits (Prev, Next): (CMBitMap*) 0x0000025efb644cd0, (CMBitMap*) 0x0000025efb644d10
 Prev Bits: [0x0000025e98fd0000, 0x0000025e9cfa8000)
 Next Bits: [0x0000025e9cfb0000, 0x0000025ea0f88000)

GC Heap History (0 events):
No events

Deoptimization events (0 events):
No events

Classes unloaded (0 events):
No events

Classes redefined (0 events):
No events

Internal exceptions (0 events):
No events

Events (1 events):
Event: 0.007 Loaded shared library C:\Program Files\Java\jdk-15.0.1\bin\java.dll


Dynamic libraries:
0x00007ff72a1c0000 - 0x00007ff72a1cf000 	C:\Program Files\Java\jdk-15.0.1\bin\java.exe
0x00007ffe0ed30000 - 0x00007ffe0ef26000 	C:\WINDOWS\SYSTEM32\ntdll.dll
0x00007ffe0e750000 - 0x00007ffe0e80d000 	C:\WINDOWS\System32\KERNEL32.DLL
0x00007ffe0c600000 - 0x00007ffe0c8c9000 	C:\WINDOWS\System32\KERNELBASE.dll
0x00007ffe0caa0000 - 0x00007ffe0cba0000 	C:\WINDOWS\System32\ucrtbase.dll
0x00007ffdea850000 - 0x00007ffdea868000 	C:\Program Files\Java\jdk-15.0.1\bin\jli.dll
0x00007ffe0d4e0000 - 0x00007ffe0d58c000 	C:\WINDOWS\System32\ADVAPI32.dll
0x00007ffe0d5f0000 - 0x00007ffe0d68e000 	C:\WINDOWS\System32\msvcrt.dll
0x00007ffe0e5d0000 - 0x00007ffe0e66c000 	C:\WINDOWS\System32\sechost.dll
0x00007ffe0dc40000 - 0x00007ffe0dd6b000 	C:\WINDOWS\System32\RPCRT4.dll
0x00007ffe0e8b0000 - 0x00007ffe0ea50000 	C:\WINDOWS\System32\USER32.dll
0x00007ffe0c470000 - 0x00007ffe0c492000 	C:\WINDOWS\System32\win32u.dll
0x00007ffe0e050000 - 0x00007ffe0e07a000 	C:\WINDOWS\System32\GDI32.dll
0x00007ffe0c4a0000 - 0x00007ffe0c5ab000 	C:\WINDOWS\System32\gdi32full.dll
0x00007ffe0c8d0000 - 0x00007ffe0c96d000 	C:\WINDOWS\System32\msvcp_win.dll
0x00007ffdea830000 - 0x00007ffdea849000 	C:\Program Files\Java\jdk-15.0.1\bin\VCRUNTIME140.dll
0x00007ffdf6e10000 - 0x00007ffdf70ab000 	C:\WINDOWS\WinSxS\amd64_microsoft.windows.common-controls_6595b64144ccf1df_6.0.19041.746_none_ca02b4b61b8320a4\COMCTL32.dll
0x00007ffe050f0000 - 0x00007ffe050fa000 	C:\WINDOWS\SYSTEM32\VERSION.dll
0x00007ffe0e880000 - 0x00007ffe0e8b0000 	C:\WINDOWS\System32\IMM32.DLL
0x00007ffe08380000 - 0x00007ffe0838c000 	C:\Program Files\Java\jdk-15.0.1\bin\vcruntime140_1.dll
0x00007ffde5360000 - 0x00007ffde53f1000 	C:\Program Files\Java\jdk-15.0.1\bin\msvcp140.dll
0x00007ffdc5470000 - 0x00007ffdc5fce000 	C:\Program Files\Java\jdk-15.0.1\bin\server\jvm.dll
0x00007ffe0e740000 - 0x00007ffe0e748000 	C:\WINDOWS\System32\PSAPI.DLL
0x00007ffe023a0000 - 0x00007ffe023c7000 	C:\WINDOWS\SYSTEM32\WINMM.dll
0x00007ffdf7a90000 - 0x00007ffdf7a99000 	C:\WINDOWS\SYSTEM32\WSOCK32.dll
0x00007ffe0e810000 - 0x00007ffe0e87b000 	C:\WINDOWS\System32\WS2_32.dll
0x00007ffe0a3e0000 - 0x00007ffe0a3f2000 	C:\WINDOWS\SYSTEM32\kernel.appcore.dll
0x00007ffe08230000 - 0x00007ffe0823a000 	C:\Program Files\Java\jdk-15.0.1\bin\jimage.dll
0x00007ffdf9ee0000 - 0x00007ffdfa0c4000 	C:\WINDOWS\SYSTEM32\DBGHELP.DLL
0x00007ffdf9780000 - 0x00007ffdf97ac000 	C:\WINDOWS\SYSTEM32\dbgcore.DLL
0x00007ffe0c970000 - 0x00007ffe0c9f0000 	C:\WINDOWS\System32\bcryptPrimitives.dll
0x00007ffde5520000 - 0x00007ffde5545000 	C:\Program Files\Java\jdk-15.0.1\bin\java.dll

dbghelp: loaded successfully - version: 4.0.5 - missing functions: none
symbol engine: initialized successfully - sym options: 0x614 - pdb path: .;C:\Program Files\Java\jdk-15.0.1\bin;C:\WINDOWS\SYSTEM32;C:\WINDOWS\WinSxS\amd64_microsoft.windows.common-controls_6595b64144ccf1df_6.0.19041.746_none_ca02b4b61b8320a4;C:\Program Files\Java\jdk-15.0.1\bin\server

VM Arguments:
jvm_args: -XX:TieredStopAtLevel=1 
java_command: com.ironhack.interactivegraphtheory.nodesservice.NodesServiceApplication
java_class_path (initial): D:\Ironhack\Final Project\Back\nodes-service\target\classes;C:\Users\adria\.m2\repository\org\springframework\spring-aop\5.3.4\spring-aop-5.3.4.jar;C:\Users\adria\.m2\repository\org\aspectj\aspectjweaver\1.9.6\aspectjweaver-1.9.6.jar;C:\Users\adria\.m2\repository\com\zaxxer\HikariCP\3.4.5\HikariCP-3.4.5.jar;C:\Users\adria\.m2\repository\org\springframework\spring-jdbc\5.3.4\spring-jdbc-5.3.4.jar;C:\Users\adria\.m2\repository\jakarta\transaction\jakarta.transaction-api\1.3.3\jakarta.transaction-api-1.3.3.jar;C:\Users\adria\.m2\repository\jakarta\persistence\jakarta.persistence-api\2.2.3\jakarta.persistence-api-2.2.3.jar;C:\Users\adria\.m2\repository\org\hibernate\hibernate-core\5.4.28.Final\hibernate-core-5.4.28.Final.jar;C:\Users\adria\.m2\repository\org\jboss\logging\jboss-logging\3.4.1.Final\jboss-logging-3.4.1.Final.jar;C:\Users\adria\.m2\repository\org\javassist\javassist\3.27.0-GA\javassist-3.27.0-GA.jar;C:\Users\adria\.m2\repository\net\bytebuddy\byte-buddy\1.10.20\byte-buddy-1.10.20.jar;C:\Users\adria\.m2\repository\antlr\antlr\2.7.7\antlr-2.7.7.jar;C:\Users\adria\.m2\repository\org\jboss\jandex\2.2.3.Final\jandex-2.2.3.Final.jar;C:\Users\adria\.m2\repository\com\fasterxml\classmate\1.5.1\classmate-1.5.1.jar;C:\Users\adria\.m2\repository\org\dom4j\dom4j\2.1.3\dom4j-2.1.3.jar;C:\Users\adria\.m2\repository\org\hibernate\common\hibernate-commons-annotations\5.1.2.Final\hibernate-commons-annotations-5.1.2.Final.jar;C:\Users\adria\.m2\repository\org\glassfish\jaxb\jaxb-runtime\2.3.3\jaxb-runtime-2.3.3.jar;C:\Users\adria\.m2\repository\org\glassfish\jaxb\txw2\2.3.3\txw2-2.3.3.jar;C:\Users\adria\.m2\repository\com\sun\istack\istack-commons-runtime\3.0.11\istack-commons-runtime-3.0.11.jar;C:\Users\adria\.m2\repository\com\sun\activation\jakarta.activation\1.2.2\jakarta.activation-1.2.2.jar;C:\Users\adria\.m2\repository\org\springframework\data\spring-data-jpa\2.4.5\spring-data-jpa-2.4.5.jar;C:\Users\adria\.m2\repository\org\springframewor
Launcher Type: SUN_STANDARD

[Global flags]
     intx CICompilerCount                          = 3                                         {product} {ergonomic}
     uint ConcGCThreads                            = 1                                         {product} {ergonomic}
     uint G1ConcRefinementThreads                  = 4                                         {product} {ergonomic}
   size_t G1HeapRegionSize                         = 2097152                                   {product} {ergonomic}
    uintx GCDrainStackTargetSize                   = 64                                        {product} {ergonomic}
   size_t InitialHeapSize                          = 268435456                                 {product} {ergonomic}
   size_t MarkStackSize                            = 4194304                                   {product} {ergonomic}
   size_t MaxHeapSize                              = 4284481536                                {product} {ergonomic}
   size_t MinHeapDeltaBytes                        = 2097152                                   {product} {ergonomic}
   size_t MinHeapSize                              = 8388608                                   {product} {ergonomic}
    uintx NonNMethodCodeHeapSize                   = 6973028                                {pd product} {ergonomic}
    uintx NonProfiledCodeHeapSize                  = 244685212                              {pd product} {ergonomic}
    uintx ProfiledCodeHeapSize                     = 0                                      {pd product} {ergonomic}
    uintx ReservedCodeCacheSize                    = 251658240                              {pd product} {ergonomic}
     bool SegmentedCodeCache                       = true                                      {product} {ergonomic}
   size_t SoftMaxHeapSize                          = 4284481536                             {manageable} {ergonomic}
     intx TieredStopAtLevel                        = 1                                         {product} {command line}
     bool UseCompressedClassPointers               = true                                 {lp64_product} {ergonomic}
     bool UseCompressedOops                        = true                                 {lp64_product} {ergonomic}
     bool UseG1GC                                  = true                                      {product} {ergonomic}
     bool UseLargePagesIndividualAllocation        = false                                  {pd product} {ergonomic}

Logging:
Log output configuration:
 #0: stdout all=warning uptime,level,tags
 #1: stderr all=off uptime,level,tags

Environment Variables:
JAVA_HOME=C:/Program Files/Java/jdk-15.0.1
PATH=C:\Program Files\Git\mingw64\bin;C:\Program Files\Git\usr\bin;C:\Users\adria\bin;C:\Program Files\Java\jdk-11.0.2\bin;C:\Program Files\Common Files\Oracle\Java\javapath;C:\Program Files (x86)\Rockwell Software\RSCommon;C:\Program Files (x86)\Common Files\Oracle\Java\javapath;C:\Windows\system32;C:\Windows;C:\Windows\System32\Wbem;C:\Windows\System32\WindowsPowerShell\v1.0;C:\Windows\System32\OpenSSH;C:\Program Files (x86)\NVIDIA Corporation\PhysX\Common;C:\Program Files\MATLAB\R2019a\runtime\win64;C:\Program Files\MATLAB\R2019a\bin;D:\Matlab\bin;C:\Program Files\NVIDIA Corporation\NVIDIA NvDLISR;C:\TDM-GCC-64\bin;C:\Program Files (x86)\Common Files\Rockwell;C:\WINDOWS\system32;C:\WINDOWS;C:\WINDOWS\System32\Wbem;C:\WINDOWS\System32\WindowsPowerShell\v1.0;C:\WINDOWS\System32\OpenSSH;C:\Program Files (x86)\SMLNJ\bin;C:\Program Files\PuTTY;C:\Program Files\dotnet;C:\Program Files\Git\cmd;D:\apache-maven-3.6.3\bin;D:\nodejs;C:\Program Files\MySQL\MySQL Shell 8.0\bin;C:\Users\adria\AppData\Local\Microsoft\WindowsApps;D:\Microsoft VS Code\bin;C:\Users\adria\.dotnet\tools;D:\Android\platform-tools;C:\Users\adria\AppData\Local\atom\bin;C:\Users\adria\AppData\Local\GitHubDesktop\bin;C:\Program Files\Java\jdk-15.0.1\bin;C:\Users\adria\AppData\Roaming\npm
USERNAME=adria
LC_ALL=en_US.UTF-8
OS=Windows_NT
PROCESSOR_IDENTIFIER=Intel64 Family 6 Model 158 Stepping 9, GenuineIntel



---------------  S Y S T E M  ---------------

OS:
 Windows 10 , 64 bit Build 19041 (10.0.19041.804)
OS uptime: 0 days 12:52 hours

CPU: total 4 (initial active 4) (4 cores per cpu, 1 threads per core) family 6 model 158 stepping 9 microcode 0xb4, cmov, cx8, fxsr, mmx, sse, sse2, sse3, ssse3, sse4.1, sse4.2, popcnt, vzeroupper, avx, avx2, aes, clmul, erms, 3dnowpref, lzcnt, tsc, tscinvbit, bmi1, bmi2, adx, fma, clflush, clflushopt

Memory: 4k page, system-wide physical 16343M (3312M free)
TotalPageFile size 16343M (AvailPageFile size 201M)
current process WorkingSet (physical memory assigned to process): 10M, peak: 10M
current process commit charge ("private bytes"): 49M, peak: 305M

vm_info: Java HotSpot(TM) 64-Bit Server VM (15.0.1+9-18) for windows-amd64 JRE (15.0.1+9-18), built on Sep 15 2020 14:43:54 by "mach5one" with unknown MS VC++:1925

END.
