#
# There is insufficient memory for the Java Runtime Environment to continue.
# Native memory allocation (mmap) failed to map 268435456 bytes for G1 virtual space
# Possible reasons:
#   The system is out of physical RAM or swap space
#   The process is running with CompressedOops enabled, and the Java Heap may be blocking the growth of the native heap
# Possible solutions:
#   Reduce memory load on the system
#   Increase physical memory or swap space
#   Check if swap backing store is full
#   Decrease Java heap size (-Xmx/-Xms)
#   Decrease number of Java threads
#   Decrease Java thread stack sizes (-Xss)
#   Set larger code cache with -XX:ReservedCodeCacheSize=
#   JVM is running with Zero Based Compressed Oops mode in which the Java heap is
#     placed in the first 32GB address space. The Java Heap base address is the
#     maximum limit for the native heap growth. Please use -XX:HeapBaseMinAddress
#     to set the Java Heap base and to place the Java Heap above 32GB virtual address.
# This output file may be truncated or incomplete.
#
#  Out of Memory Error (./open/src/hotspot/os/windows/os_windows.cpp:3472), pid=4616, tid=15184
#
# JRE version:  (15.0.1+9) (build )
# Java VM: Java HotSpot(TM) 64-Bit Server VM (15.0.1+9-18, mixed mode, sharing, tiered, compressed oops, g1 gc, windows-amd64)
# No core dump will be written. Minidumps are not enabled by default on client versions of Windows
#

---------------  S U M M A R Y ------------

Command Line: -XX:TieredStopAtLevel=1 com.ironhack.interactivegraphtheory.edgeservice.EdgeServiceApplication

Host: Intel(R) Core(TM) i5-7400 CPU @ 3.00GHz, 4 cores, 15G,  Windows 10 , 64 bit Build 19041 (10.0.19041.804)
Time: Thu Mar 11 19:29:45 2021 Hora estándar romance elapsed time: 0.016106 seconds (0d 0h 0m 0s)

---------------  T H R E A D  ---------------

Current thread (0x00000170f36dbf70):  JavaThread "Unknown thread" [_thread_in_vm, id=15184, stack(0x0000004acc000000,0x0000004acc100000)]

Stack: [0x0000004acc000000,0x0000004acc100000]
Native frames: (J=compiled Java code, j=interpreted, Vv=VM code, C=native code)
V  [jvm.dll+0x62ae9a]
V  [jvm.dll+0x781389]
V  [jvm.dll+0x782ae3]
V  [jvm.dll+0x783143]
V  [jvm.dll+0x216265]
V  [jvm.dll+0x6281d9]
V  [jvm.dll+0x61cd15]
V  [jvm.dll+0x2d01fd]
V  [jvm.dll+0x2d0062]
V  [jvm.dll+0x2d603c]
V  [jvm.dll+0x325b2a]
V  [jvm.dll+0x3251f4]
V  [jvm.dll+0x2a717a]
V  [jvm.dll+0x2a8318]
V  [jvm.dll+0x75e101]
V  [jvm.dll+0x3343e4]
V  [jvm.dll+0x73e826]
V  [jvm.dll+0x3b7777]
V  [jvm.dll+0x3b9201]
C  [jli.dll+0x52fb]
C  [ucrtbase.dll+0x21bb2]
C  [KERNEL32.DLL+0x17034]
C  [ntdll.dll+0x52651]


---------------  P R O C E S S  ---------------

Threads class SMR info:
_java_thread_list=0x00007ffc66974ff0, length=0, elements={
}

Java Threads: ( => current thread )

Other Threads:
  0x00000170f57d3ff0 GCTaskThread "GC Thread#0" [stack: 0x0000004acc100000,0x0000004acc200000] [id=9236]
  0x00000170f57e6120 ConcurrentGCThread "G1 Main Marker" [stack: 0x0000004acc200000,0x0000004acc300000] [id=12116]
  0x00000170f57e74b0 ConcurrentGCThread "G1 Conc#0" [stack: 0x0000004acc300000,0x0000004acc400000] [id=19900]

[error occurred during error reporting (printing all threads), id 0xc0000005, EXCEPTION_ACCESS_VIOLATION (0xc0000005) at pc=0x00007ffc66168047]

VM state: not at safepoint (not fully initialized)

VM Mutex/Monitor currently owned by a thread:  ([mutex/lock_event])
[0x00000170f5784c20] Heap_lock - owner thread: 0x00000170f36dbf70

Heap address: 0x0000000700a00000, size: 4086 MB, Compressed Oops mode: Zero based, Oop shift amount: 3
CDS archive(s) mapped at: [0x0000000000000000-0x0000000000000000-0x0000000000000000), size 0, SharedBaseAddress: 0x0000000800000000, ArchiveRelocationMode: 0.
Narrow klass base: 0x0000000000000000, Narrow klass shift: 0, Narrow klass range: 0x0

Heap:
 garbage-first heap   total 262144K, used 0K [0x0000000700a00000, 0x0000000800000000)
  region size 2048K, 0 young (0K), 0 survivors (0K)
 Metaspace       used 0K, capacity 0K, committed 0K, reserved 0K
  class space    used 0K, capacity 0K, committed 0K, reserved 0K

Heap Regions: E=young(eden), S=young(survivor), O=old, HS=humongous(starts), HC=humongous(continues), CS=collection set, F=free, OA=open archive, CA=closed archive, TAMS=top-at-mark-start (previous, next)

Card table byte_map: [0x00000170fe1b0000,0x00000170fe9b0000] _byte_map_base: 0x00000170fa9ab000

Marking Bits (Prev, Next): (CMBitMap*) 0x00000170f57d4860, (CMBitMap*) 0x00000170f57d48a0
 Prev Bits: [0x000001708f000000, 0x0000017092fd8000)
 Next Bits: [0x0000017092fe0000, 0x0000017096fb8000)

GC Heap History (0 events):
No events

Deoptimization events (0 events):
No events

Classes unloaded (0 events):
No events

Classes redefined (0 events):
No events

Internal exceptions (0 events):
No events

Events (1 events):
Event: 0.006 Loaded shared library C:\Program Files\Java\jdk-15.0.1\bin\java.dll


Dynamic libraries:
0x00007ff770520000 - 0x00007ff77052f000 	C:\Program Files\Java\jdk-15.0.1\bin\java.exe
0x00007ffcf5bf0000 - 0x00007ffcf5de5000 	C:\WINDOWS\SYSTEM32\ntdll.dll
0x00007ffcf4e80000 - 0x00007ffcf4f3d000 	C:\WINDOWS\System32\KERNEL32.DLL
0x00007ffcf3520000 - 0x00007ffcf37e9000 	C:\WINDOWS\System32\KERNELBASE.dll
0x00007ffcf3b50000 - 0x00007ffcf3c50000 	C:\WINDOWS\System32\ucrtbase.dll
0x00007ffce9660000 - 0x00007ffce9678000 	C:\Program Files\Java\jdk-15.0.1\bin\jli.dll
0x00007ffcf47f0000 - 0x00007ffcf489c000 	C:\WINDOWS\System32\ADVAPI32.dll
0x00007ffcf5a80000 - 0x00007ffcf5b1e000 	C:\WINDOWS\System32\msvcrt.dll
0x00007ffcf59e0000 - 0x00007ffcf5a7c000 	C:\WINDOWS\System32\sechost.dll
0x00007ffcf3c60000 - 0x00007ffcf3d8b000 	C:\WINDOWS\System32\RPCRT4.dll
0x00007ffcf3d90000 - 0x00007ffcf3f30000 	C:\WINDOWS\System32\USER32.dll
0x00007ffcf3380000 - 0x00007ffcf33a2000 	C:\WINDOWS\System32\win32u.dll
0x00007ffcf48a0000 - 0x00007ffcf48ca000 	C:\WINDOWS\System32\GDI32.dll
0x00007ffcf33b0000 - 0x00007ffcf34bb000 	C:\WINDOWS\System32\gdi32full.dll
0x00007ffcf38d0000 - 0x00007ffcf396d000 	C:\WINDOWS\System32\msvcp_win.dll
0x00007ffcee320000 - 0x00007ffcee339000 	C:\Program Files\Java\jdk-15.0.1\bin\VCRUNTIME140.dll
0x00007ffcddad0000 - 0x00007ffcddd6a000 	C:\WINDOWS\WinSxS\amd64_microsoft.windows.common-controls_6595b64144ccf1df_6.0.19041.844_none_ca00b6081b84eb1d\COMCTL32.dll
0x00007ffcec940000 - 0x00007ffcec94a000 	C:\WINDOWS\SYSTEM32\VERSION.dll
0x00007ffcf4be0000 - 0x00007ffcf4c10000 	C:\WINDOWS\System32\IMM32.DLL
0x00007ffcef050000 - 0x00007ffcef05c000 	C:\Program Files\Java\jdk-15.0.1\bin\vcruntime140_1.dll
0x00007ffccf4e0000 - 0x00007ffccf571000 	C:\Program Files\Java\jdk-15.0.1\bin\msvcp140.dll
0x00007ffc65eb0000 - 0x00007ffc66a0e000 	C:\Program Files\Java\jdk-15.0.1\bin\server\jvm.dll
0x00007ffcf3c50000 - 0x00007ffcf3c58000 	C:\WINDOWS\System32\PSAPI.DLL
0x00007ffcde1c0000 - 0x00007ffcde1c9000 	C:\WINDOWS\SYSTEM32\WSOCK32.dll
0x00007ffce6120000 - 0x00007ffce6147000 	C:\WINDOWS\SYSTEM32\WINMM.dll
0x00007ffcf4c10000 - 0x00007ffcf4c7b000 	C:\WINDOWS\System32\WS2_32.dll
0x00007ffcf12b0000 - 0x00007ffcf12c2000 	C:\WINDOWS\SYSTEM32\kernel.appcore.dll
0x00007ffce9650000 - 0x00007ffce965a000 	C:\Program Files\Java\jdk-15.0.1\bin\jimage.dll
0x00007ffce0390000 - 0x00007ffce0574000 	C:\WINDOWS\SYSTEM32\DBGHELP.DLL
0x00007ffcdfe40000 - 0x00007ffcdfe6c000 	C:\WINDOWS\SYSTEM32\dbgcore.DLL
0x00007ffcf3ad0000 - 0x00007ffcf3b50000 	C:\WINDOWS\System32\bcryptPrimitives.dll
0x00007ffce0080000 - 0x00007ffce00a5000 	C:\Program Files\Java\jdk-15.0.1\bin\java.dll

dbghelp: loaded successfully - version: 4.0.5 - missing functions: none
symbol engine: initialized successfully - sym options: 0x614 - pdb path: .;C:\Program Files\Java\jdk-15.0.1\bin;C:\WINDOWS\SYSTEM32;C:\WINDOWS\WinSxS\amd64_microsoft.windows.common-controls_6595b64144ccf1df_6.0.19041.844_none_ca00b6081b84eb1d;C:\Program Files\Java\jdk-15.0.1\bin\server

VM Arguments:
jvm_args: -XX:TieredStopAtLevel=1 
java_command: com.ironhack.interactivegraphtheory.edgeservice.EdgeServiceApplication
java_class_path (initial): D:\Ironhack\Final Project\Back\edge-service\target\classes;C:\Users\adria\.m2\repository\org\springframework\boot\spring-boot\2.4.3\spring-boot-2.4.3.jar;C:\Users\adria\.m2\repository\org\springframework\boot\spring-boot-autoconfigure\2.4.3\spring-boot-autoconfigure-2.4.3.jar;C:\Users\adria\.m2\repository\ch\qos\logback\logback-classic\1.2.3\logback-classic-1.2.3.jar;C:\Users\adria\.m2\repository\ch\qos\logback\logback-core\1.2.3\logback-core-1.2.3.jar;C:\Users\adria\.m2\repository\org\apache\logging\log4j\log4j-to-slf4j\2.13.3\log4j-to-slf4j-2.13.3.jar;C:\Users\adria\.m2\repository\org\apache\logging\log4j\log4j-api\2.13.3\log4j-api-2.13.3.jar;C:\Users\adria\.m2\repository\org\slf4j\jul-to-slf4j\1.7.30\jul-to-slf4j-1.7.30.jar;C:\Users\adria\.m2\repository\jakarta\annotation\jakarta.annotation-api\1.3.5\jakarta.annotation-api-1.3.5.jar;C:\Users\adria\.m2\repository\org\yaml\snakeyaml\1.27\snakeyaml-1.27.jar;C:\Users\adria\.m2\repository\com\fasterxml\jackson\core\jackson-databind\2.11.4\jackson-databind-2.11.4.jar;C:\Users\adria\.m2\repository\com\fasterxml\jackson\datatype\jackson-datatype-jdk8\2.11.4\jackson-datatype-jdk8-2.11.4.jar;C:\Users\adria\.m2\repository\com\fasterxml\jackson\datatype\jackson-datatype-jsr310\2.11.4\jackson-datatype-jsr310-2.11.4.jar;C:\Users\adria\.m2\repository\com\fasterxml\jackson\module\jackson-module-parameter-names\2.11.4\jackson-module-parameter-names-2.11.4.jar;C:\Users\adria\.m2\repository\org\apache\tomcat\embed\tomcat-embed-core\9.0.43\tomcat-embed-core-9.0.43.jar;C:\Users\adria\.m2\repository\org\apache\tomcat\embed\tomcat-embed-websocket\9.0.43\tomcat-embed-websocket-9.0.43.jar;C:\Users\adria\.m2\repository\org\springframework\spring-web\5.3.4\spring-web-5.3.4.jar;C:\Users\adria\.m2\repository\org\springframework\spring-beans\5.3.4\spring-beans-5.3.4.jar;C:\Users\adria\.m2\repository\org\springframework\spring-webmvc\5.3.4\spring-webmvc-5.3.4.jar;C:\Users\adria\.m2\repository\org\springframework\sp
Launcher Type: SUN_STANDARD

[Global flags]
     intx CICompilerCount                          = 3                                         {product} {ergonomic}
     uint ConcGCThreads                            = 1                                         {product} {ergonomic}
     uint G1ConcRefinementThreads                  = 4                                         {product} {ergonomic}
   size_t G1HeapRegionSize                         = 2097152                                   {product} {ergonomic}
    uintx GCDrainStackTargetSize                   = 64                                        {product} {ergonomic}
   size_t InitialHeapSize                          = 268435456                                 {product} {ergonomic}
   size_t MarkStackSize                            = 4194304                                   {product} {ergonomic}
   size_t MaxHeapSize                              = 4284481536                                {product} {ergonomic}
   size_t MinHeapDeltaBytes                        = 2097152                                   {product} {ergonomic}
   size_t MinHeapSize                              = 8388608                                   {product} {ergonomic}
    uintx NonNMethodCodeHeapSize                   = 6973028                                {pd product} {ergonomic}
    uintx NonProfiledCodeHeapSize                  = 244685212                              {pd product} {ergonomic}
    uintx ProfiledCodeHeapSize                     = 0                                      {pd product} {ergonomic}
    uintx ReservedCodeCacheSize                    = 251658240                              {pd product} {ergonomic}
     bool SegmentedCodeCache                       = true                                      {product} {ergonomic}
   size_t SoftMaxHeapSize                          = 4284481536                             {manageable} {ergonomic}
     intx TieredStopAtLevel                        = 1                                         {product} {command line}
     bool UseCompressedClassPointers               = true                                 {lp64_product} {ergonomic}
     bool UseCompressedOops                        = true                                 {lp64_product} {ergonomic}
     bool UseG1GC                                  = true                                      {product} {ergonomic}
     bool UseLargePagesIndividualAllocation        = false                                  {pd product} {ergonomic}

Logging:
Log output configuration:
 #0: stdout all=warning uptime,level,tags
 #1: stderr all=off uptime,level,tags

Environment Variables:
JAVA_HOME=C:/Program Files/Java/jdk-15.0.1
PATH=C:\Program Files\Git\mingw64\bin;C:\Program Files\Git\usr\bin;C:\Users\adria\bin;C:\Program Files\Java\jdk-11.0.2\bin;C:\Program Files\Common Files\Oracle\Java\javapath;C:\Program Files (x86)\Rockwell Software\RSCommon;C:\Program Files (x86)\Common Files\Oracle\Java\javapath;C:\Windows\system32;C:\Windows;C:\Windows\System32\Wbem;C:\Windows\System32\WindowsPowerShell\v1.0;C:\Windows\System32\OpenSSH;C:\Program Files (x86)\NVIDIA Corporation\PhysX\Common;C:\Program Files\MATLAB\R2019a\runtime\win64;C:\Program Files\MATLAB\R2019a\bin;D:\Matlab\bin;C:\Program Files\NVIDIA Corporation\NVIDIA NvDLISR;C:\TDM-GCC-64\bin;C:\Program Files (x86)\Common Files\Rockwell;C:\WINDOWS\system32;C:\WINDOWS;C:\WINDOWS\System32\Wbem;C:\WINDOWS\System32\WindowsPowerShell\v1.0;C:\WINDOWS\System32\OpenSSH;C:\Program Files (x86)\SMLNJ\bin;C:\Program Files\PuTTY;C:\Program Files\dotnet;C:\Program Files\Git\cmd;D:\apache-maven-3.6.3\bin;D:\nodejs;C:\Program Files\MySQL\MySQL Shell 8.0\bin;C:\Users\adria\AppData\Local\Microsoft\WindowsApps;D:\Microsoft VS Code\bin;C:\Users\adria\.dotnet\tools;D:\Android\platform-tools;C:\Users\adria\AppData\Local\atom\bin;C:\Users\adria\AppData\Local\GitHubDesktop\bin;C:\Program Files\Java\jdk-15.0.1\bin;C:\Users\adria\AppData\Roaming\npm
USERNAME=adria
LC_ALL=en_US.UTF-8
OS=Windows_NT
PROCESSOR_IDENTIFIER=Intel64 Family 6 Model 158 Stepping 9, GenuineIntel



---------------  S Y S T E M  ---------------

OS:
 Windows 10 , 64 bit Build 19041 (10.0.19041.804)
OS uptime: 0 days 4:51 hours

CPU: total 4 (initial active 4) (4 cores per cpu, 1 threads per core) family 6 model 158 stepping 9 microcode 0xb4, cmov, cx8, fxsr, mmx, sse, sse2, sse3, ssse3, sse4.1, sse4.2, popcnt, vzeroupper, avx, avx2, aes, clmul, erms, 3dnowpref, lzcnt, tsc, tscinvbit, bmi1, bmi2, adx, fma, clflush, clflushopt

Memory: 4k page, system-wide physical 16343M (3962M free)
TotalPageFile size 16343M (AvailPageFile size 254M)
current process WorkingSet (physical memory assigned to process): 10M, peak: 10M
current process commit charge ("private bytes"): 49M, peak: 305M

vm_info: Java HotSpot(TM) 64-Bit Server VM (15.0.1+9-18) for windows-amd64 JRE (15.0.1+9-18), built on Sep 15 2020 14:43:54 by "mach5one" with unknown MS VC++:1925

END.
